2020-11-02 16:57:32,524 - __main__ - INFO - __________Новое__________
2020-11-02 16:57:37,047 - __main__ - WARNING - Введены некорректные данные
2020-11-02 16:57:37,047 - __main__ - INFO - Введено число 1 
2020-11-02 16:57:45,030 - __main__ - INFO - Введен текст: Кто тут 
2020-11-02 16:57:45,031 - __main__ - INFO - _______Шифрование_______
2020-11-02 16:57:45,031 - __main__ - INFO - Номер буквы К = 11 
2020-11-02 16:57:45,031 - __main__ - INFO - Новый порядковый номер = 12 
2020-11-02 16:57:45,031 - __main__ - INFO - Заменяем на л 
2020-11-02 16:57:45,031 - __main__ - INFO - Номер буквы т = 19 
2020-11-02 16:57:45,031 - __main__ - INFO - Новый порядковый номер = 20 
2020-11-02 16:57:45,031 - __main__ - INFO - Заменяем на у 
2020-11-02 16:57:45,031 - __main__ - INFO - Номер буквы о = 15 
2020-11-02 16:57:45,031 - __main__ - INFO - Новый порядковый номер = 16 
2020-11-02 16:57:45,031 - __main__ - INFO - Заменяем на п 
2020-11-02 16:57:45,031 - __main__ - INFO - Номер буквы т = 19 
2020-11-02 16:57:45,032 - __main__ - INFO - Новый порядковый номер = 20 
2020-11-02 16:57:45,032 - __main__ - INFO - Заменяем на у 
2020-11-02 16:57:45,032 - __main__ - INFO - Номер буквы у = 20 
2020-11-02 16:57:45,032 - __main__ - INFO - Новый порядковый номер = 21 
2020-11-02 16:57:45,032 - __main__ - INFO - Заменяем на ф 
2020-11-02 16:57:45,032 - __main__ - INFO - Номер буквы т = 19 
2020-11-02 16:57:45,032 - __main__ - INFO - Новый порядковый номер = 20 
2020-11-02 16:57:45,032 - __main__ - INFO - Заменяем на у 
2020-11-02 16:57:45,032 - __main__ - INFO - ______Дешифрование______
2020-11-02 16:57:45,032 - __main__ - INFO - Новый порядковый номер = 10 
2020-11-02 16:57:45,032 - __main__ - INFO - Заменяем на й 
2020-11-02 16:57:45,032 - __main__ - INFO - Новый порядковый номер = 18 
2020-11-02 16:57:45,033 - __main__ - INFO - Заменяем на с 
2020-11-02 16:57:45,033 - __main__ - INFO - Новый порядковый номер = 14 
2020-11-02 16:57:45,033 - __main__ - INFO - Заменяем на н 
2020-11-02 16:57:45,033 - __main__ - INFO - Новый порядковый номер = 18 
2020-11-02 16:57:45,033 - __main__ - INFO - Заменяем на с 
2020-11-02 16:57:45,033 - __main__ - INFO - Новый порядковый номер = 19 
2020-11-02 16:57:45,033 - __main__ - INFO - Заменяем на т 
2020-11-02 16:57:45,033 - __main__ - INFO - Новый порядковый номер = 18 
2020-11-02 16:57:45,033 - __main__ - INFO - Заменяем на с 
2020-11-02 17:04:47,957 - __main__ - INFO - __________Новое__________
2020-11-02 17:04:56,753 - __main__ - INFO - Значение сдвига 4 
2020-11-02 17:05:03,425 - __main__ - INFO - Введен текст: Привет 
2020-11-02 17:05:03,425 - __main__ - INFO - _______Шифрование_______
2020-11-02 17:05:03,425 - __main__ - INFO - Номер буквы П = 16 
2020-11-02 17:05:03,425 - __main__ - INFO - Новый порядковый номер = 20 
2020-11-02 17:05:03,426 - __main__ - INFO - Заменяем на у 
2020-11-02 17:05:03,426 - __main__ - INFO - Номер буквы р = 17 
2020-11-02 17:05:03,426 - __main__ - INFO - Новый порядковый номер = 21 
2020-11-02 17:05:03,426 - __main__ - INFO - Заменяем на ф 
2020-11-02 17:05:03,426 - __main__ - INFO - Номер буквы и = 9 
2020-11-02 17:05:03,426 - __main__ - INFO - Новый порядковый номер = 13 
2020-11-02 17:05:03,426 - __main__ - INFO - Заменяем на м 
2020-11-02 17:05:03,426 - __main__ - INFO - Номер буквы в = 2 
2020-11-02 17:05:03,426 - __main__ - INFO - Новый порядковый номер = 6 
2020-11-02 17:05:03,426 - __main__ - INFO - Заменяем на ё 
2020-11-02 17:05:03,426 - __main__ - INFO - Номер буквы е = 5 
2020-11-02 17:05:03,427 - __main__ - INFO - Новый порядковый номер = 9 
2020-11-02 17:05:03,427 - __main__ - INFO - Заменяем на и 
2020-11-02 17:05:03,427 - __main__ - INFO - Номер буквы т = 19 
2020-11-02 17:05:03,427 - __main__ - INFO - Новый порядковый номер = 23 
2020-11-02 17:05:03,427 - __main__ - INFO - Заменяем на ц 
2020-11-02 17:05:03,427 - __main__ - INFO - ______Дешифрование______
2020-11-02 17:05:03,427 - __main__ - INFO - Новый порядковый номер = 12 
2020-11-02 17:05:03,427 - __main__ - INFO - Заменяем на л 
2020-11-02 17:05:03,427 - __main__ - INFO - Новый порядковый номер = 13 
2020-11-02 17:05:03,427 - __main__ - INFO - Заменяем на м 
2020-11-02 17:05:03,427 - __main__ - INFO - Новый порядковый номер = 5 
2020-11-02 17:05:03,427 - __main__ - INFO - Заменяем на е 
2020-11-02 17:05:03,428 - __main__ - INFO - Новый порядковый номер = -2 
2020-11-02 17:05:03,428 - __main__ - INFO - Заменяем на ю 
2020-11-02 17:05:03,428 - __main__ - INFO - Новый порядковый номер = 1 
2020-11-02 17:05:03,428 - __main__ - INFO - Заменяем на б 
2020-11-02 17:05:03,428 - __main__ - INFO - Новый порядковый номер = 15 
2020-11-02 17:05:03,428 - __main__ - INFO - Заменяем на о 
2020-11-02 17:05:06,864 - __main__ - INFO - __________Новое__________
2020-11-02 17:05:16,689 - __main__ - INFO - Значение сдвига 234 
2020-11-02 17:05:24,081 - __main__ - INFO - Введен текст: Кто дома? 
2020-11-02 17:05:24,081 - __main__ - INFO - _______Шифрование_______
2020-11-02 17:05:24,081 - __main__ - INFO - Номер буквы К = 11 
2020-11-02 17:05:24,081 - __main__ - INFO - Новый порядковый номер = 14 
2020-11-02 17:05:24,081 - __main__ - INFO - Заменяем на н 
2020-11-02 17:05:24,082 - __main__ - INFO - Номер буквы т = 19 
2020-11-02 17:05:24,082 - __main__ - INFO - Новый порядковый номер = 22 
2020-11-02 17:05:24,082 - __main__ - INFO - Заменяем на х 
2020-11-02 17:05:24,082 - __main__ - INFO - Номер буквы о = 15 
2020-11-02 17:05:24,082 - __main__ - INFO - Новый порядковый номер = 18 
2020-11-02 17:05:24,082 - __main__ - INFO - Заменяем на с 
2020-11-02 17:05:24,082 - __main__ - INFO - Номер буквы д = 4 
2020-11-02 17:05:24,082 - __main__ - INFO - Новый порядковый номер = 7 
2020-11-02 17:05:24,082 - __main__ - INFO - Заменяем на ж 
2020-11-02 17:05:24,082 - __main__ - INFO - Номер буквы о = 15 
2020-11-02 17:05:24,082 - __main__ - INFO - Новый порядковый номер = 18 
2020-11-02 17:05:24,082 - __main__ - INFO - Заменяем на с 
2020-11-02 17:05:24,082 - __main__ - INFO - Номер буквы м = 13 
2020-11-02 17:05:24,083 - __main__ - INFO - Новый порядковый номер = 16 
2020-11-02 17:05:24,083 - __main__ - INFO - Заменяем на п 
2020-11-02 17:05:24,083 - __main__ - INFO - Номер буквы а = 0 
2020-11-02 17:05:24,083 - __main__ - INFO - Новый порядковый номер = 3 
2020-11-02 17:05:24,083 - __main__ - INFO - Заменяем на г 
2020-11-02 17:05:24,083 - __main__ - INFO - ______Дешифрование______
2020-11-02 17:05:24,083 - __main__ - INFO - Новый порядковый номер = 8 
2020-11-02 17:05:24,083 - __main__ - INFO - Заменяем на з 
2020-11-02 17:05:24,083 - __main__ - INFO - Новый порядковый номер = 16 
2020-11-02 17:05:24,083 - __main__ - INFO - Заменяем на п 
2020-11-02 17:05:24,083 - __main__ - INFO - Новый порядковый номер = 12 
2020-11-02 17:05:24,083 - __main__ - INFO - Заменяем на л 
2020-11-02 17:05:24,084 - __main__ - INFO - Новый порядковый номер = 1 
2020-11-02 17:05:24,084 - __main__ - INFO - Заменяем на б 
2020-11-02 17:05:24,084 - __main__ - INFO - Новый порядковый номер = 12 
2020-11-02 17:05:24,084 - __main__ - INFO - Заменяем на л 
2020-11-02 17:05:24,084 - __main__ - INFO - Новый порядковый номер = 10 
2020-11-02 17:05:24,084 - __main__ - INFO - Заменяем на й 
2020-11-02 17:05:24,084 - __main__ - INFO - Новый порядковый номер = -3 
2020-11-02 17:05:24,084 - __main__ - INFO - Заменяем на э 
2020-11-02 17:05:27,772 - __main__ - INFO - __________Новое__________
2020-11-02 17:05:31,617 - __main__ - WARNING - Введены некорректные данные
2020-11-02 17:05:31,617 - __main__ - INFO - Значение сдвига 1 
2020-11-02 17:05:48,528 - __main__ - INFO - Введен текст: Квартира пуста. 
2020-11-02 17:05:48,528 - __main__ - INFO - _______Шифрование_______
2020-11-02 17:05:48,528 - __main__ - INFO - Номер буквы К = 11 
2020-11-02 17:05:48,528 - __main__ - INFO - Новый порядковый номер = 12 
2020-11-02 17:05:48,528 - __main__ - INFO - Заменяем на л 
2020-11-02 17:05:48,529 - __main__ - INFO - Номер буквы в = 2 
2020-11-02 17:05:48,529 - __main__ - INFO - Новый порядковый номер = 3 
2020-11-02 17:05:48,529 - __main__ - INFO - Заменяем на г 
2020-11-02 17:05:48,529 - __main__ - INFO - Номер буквы а = 0 
2020-11-02 17:05:48,529 - __main__ - INFO - Новый порядковый номер = 1 
2020-11-02 17:05:48,529 - __main__ - INFO - Заменяем на б 
2020-11-02 17:05:48,529 - __main__ - INFO - Номер буквы р = 17 
2020-11-02 17:05:48,529 - __main__ - INFO - Новый порядковый номер = 18 
2020-11-02 17:05:48,529 - __main__ - INFO - Заменяем на с 
2020-11-02 17:05:48,529 - __main__ - INFO - Номер буквы т = 19 
2020-11-02 17:05:48,529 - __main__ - INFO - Новый порядковый номер = 20 
2020-11-02 17:05:48,529 - __main__ - INFO - Заменяем на у 
2020-11-02 17:05:48,530 - __main__ - INFO - Номер буквы и = 9 
2020-11-02 17:05:48,530 - __main__ - INFO - Новый порядковый номер = 10 
2020-11-02 17:05:48,530 - __main__ - INFO - Заменяем на й 
2020-11-02 17:05:48,530 - __main__ - INFO - Номер буквы р = 17 
2020-11-02 17:05:48,530 - __main__ - INFO - Новый порядковый номер = 18 
2020-11-02 17:05:48,530 - __main__ - INFO - Заменяем на с 
2020-11-02 17:05:48,530 - __main__ - INFO - Номер буквы а = 0 
2020-11-02 17:05:48,530 - __main__ - INFO - Новый порядковый номер = 1 
2020-11-02 17:05:48,530 - __main__ - INFO - Заменяем на б 
2020-11-02 17:05:48,530 - __main__ - INFO - Номер буквы п = 16 
2020-11-02 17:05:48,530 - __main__ - INFO - Новый порядковый номер = 17 
2020-11-02 17:05:48,530 - __main__ - INFO - Заменяем на р 
2020-11-02 17:05:48,530 - __main__ - INFO - Номер буквы у = 20 
2020-11-02 17:05:48,531 - __main__ - INFO - Новый порядковый номер = 21 
2020-11-02 17:05:48,531 - __main__ - INFO - Заменяем на ф 
2020-11-02 17:05:48,531 - __main__ - INFO - Номер буквы с = 18 
2020-11-02 17:05:48,531 - __main__ - INFO - Новый порядковый номер = 19 
2020-11-02 17:05:48,531 - __main__ - INFO - Заменяем на т 
2020-11-02 17:05:48,531 - __main__ - INFO - Номер буквы т = 19 
2020-11-02 17:05:48,531 - __main__ - INFO - Новый порядковый номер = 20 
2020-11-02 17:05:48,531 - __main__ - INFO - Заменяем на у 
2020-11-02 17:05:48,531 - __main__ - INFO - Номер буквы а = 0 
2020-11-02 17:05:48,531 - __main__ - INFO - Новый порядковый номер = 1 
2020-11-02 17:05:48,531 - __main__ - INFO - Заменяем на б 
2020-11-02 17:05:48,531 - __main__ - INFO - ______Дешифрование______
2020-11-02 17:05:48,532 - __main__ - INFO - Новый порядковый номер = 10 
2020-11-02 17:05:48,532 - __main__ - INFO - Заменяем на й 
2020-11-02 17:05:48,532 - __main__ - INFO - Новый порядковый номер = 1 
2020-11-02 17:05:48,532 - __main__ - INFO - Заменяем на б 
2020-11-02 17:05:48,532 - __main__ - INFO - Новый порядковый номер = -1 
2020-11-02 17:05:48,532 - __main__ - INFO - Заменяем на я 
2020-11-02 17:05:48,532 - __main__ - INFO - Новый порядковый номер = 16 
2020-11-02 17:05:48,532 - __main__ - INFO - Заменяем на п 
2020-11-02 17:05:48,532 - __main__ - INFO - Новый порядковый номер = 18 
2020-11-02 17:05:48,532 - __main__ - INFO - Заменяем на с 
2020-11-02 17:05:48,532 - __main__ - INFO - Новый порядковый номер = 8 
2020-11-02 17:05:48,533 - __main__ - INFO - Заменяем на з 
2020-11-02 17:05:48,533 - __main__ - INFO - Новый порядковый номер = 16 
2020-11-02 17:05:48,533 - __main__ - INFO - Заменяем на п 
2020-11-02 17:05:48,533 - __main__ - INFO - Новый порядковый номер = -1 
2020-11-02 17:05:48,533 - __main__ - INFO - Заменяем на я 
2020-11-02 17:05:48,533 - __main__ - INFO - Новый порядковый номер = 15 
2020-11-02 17:05:48,533 - __main__ - INFO - Заменяем на о 
2020-11-02 17:05:48,533 - __main__ - INFO - Новый порядковый номер = 19 
2020-11-02 17:05:48,533 - __main__ - INFO - Заменяем на т 
2020-11-02 17:05:48,533 - __main__ - INFO - Новый порядковый номер = 17 
2020-11-02 17:05:48,533 - __main__ - INFO - Заменяем на р 
2020-11-02 17:05:48,533 - __main__ - INFO - Новый порядковый номер = 18 
2020-11-02 17:05:48,533 - __main__ - INFO - Заменяем на с 
2020-11-02 17:05:48,534 - __main__ - INFO - Новый порядковый номер = -1 
2020-11-02 17:05:48,534 - __main__ - INFO - Заменяем на я 
